[2024-06-28 13:46:23,302: INFO: common: yaml file: config\config.yaml loaded successfully]
[2024-06-28 13:46:23,308: INFO: common: yaml file: params.yaml loaded successfully]
[2024-06-28 13:46:23,316: INFO: common: created directory at: artifacts]
[2024-06-28 13:46:23,318: INFO: common: created directory at: artifacts/data_ingestion]
[2024-06-28 13:46:26,790: INFO: 1434958058: artifacts/data_ingestion/data.zip download! with following info: 
Connection: close
Content-Length: 7903594
Cache-Control: max-age=300
Content-Security-Policy: default-src 'none'; style-src 'unsafe-inline'; sandbox
Content-Type: application/zip
ETag: "dbc016a060da18070593b83afff580c9b300f0b6ea4147a7988433e04df246ca"
Strict-Transport-Security: max-age=31536000
X-Content-Type-Options: nosniff
X-Frame-Options: deny
X-XSS-Protection: 1; mode=block
X-GitHub-Request-Id: D551:57797:12D21B:173E45:667E6DD1
Accept-Ranges: bytes
Date: Fri, 28 Jun 2024 08:01:22 GMT
Via: 1.1 varnish
X-Served-By: cache-del21730-DEL
X-Cache: MISS
X-Cache-Hits: 0
X-Timer: S1719561682.576762,VS0,VE798
Vary: Authorization,Accept-Encoding,Origin
Access-Control-Allow-Origin: *
Cross-Origin-Resource-Policy: cross-origin
X-Fastly-Request-ID: d60d4702a64a6ade2c966a8314d7cb9457b22a2b
Expires: Fri, 28 Jun 2024 08:06:22 GMT
Source-Age: 0

]
